2021-02-19 10:54:32: <info>                                    _                 
2021-02-19 10:54:32: <info>  _ __   __ _ _ __   ___  _ __ ___ (_)_ __   ___ _ __ 
2021-02-19 10:54:32: <info> | '_ \ / _` | '_ \ / _ \| '_ ` _ \| | '_ \ / _ \ '__|
2021-02-19 10:54:32: <info> | | | | (_| | | | | (_) | | | | | | | | | |  __/ |   
2021-02-19 10:54:32: <info> |_| |_|\__,_|_| |_|\___/|_| |_| |_|_|_| |_|\___|_|   
2021-02-19 10:54:32: <info> 
2021-02-19 10:54:32: <info> Version 3.2.2
2021-02-19 10:54:32: <info>  Started EthMan server on port 3333 without a password (read-only mode).
2021-02-19 10:54:32: <info>  Started web interface on port 9090 without a password.
2021-02-19 10:54:32: <info> ------------------RandomX:------------------
2021-02-19 10:54:32: <info> Currency: Monero
2021-02-19 10:54:32: <info> Wallet: fffffffffffffffffffffffffffffffffffffffffffffffffffffffffffffffffffffffffffffffffffffffffffffff
2021-02-19 10:54:32: <info> Rig name: rig1
2021-02-19 10:54:32: <info> Email: someemail@org
2021-02-19 10:54:32: <info> Hashrate threshold to restart miner is not set
2021-02-19 10:54:32: <info> Using CPU threads: 4
2021-02-19 10:54:32: <info> Added pool: xmr-eu1.nanopool.org:14433
2021-02-19 10:54:32: <info> Added pool: xmr-eu2.nanopool.org:14433
2021-02-19 10:54:32: <info> Added pool: xmr-us-east1.nanopool.org:14433
2021-02-19 10:54:32: <info> Added pool: xmr-us-west1.nanopool.org:14433
2021-02-19 10:54:32: <info> Added pool: xmr-asia1.nanopool.org:14433
2021-02-19 10:54:32: <info> Auto pool sorting is disabled
2021-02-19 10:54:32: <info> -------------Common parameters:-------------
2021-02-19 10:54:32: <info> Log path: ./logs/
2021-02-19 10:54:32: <info> Log is written to file
2021-02-19 10:54:32: <info> GPU watchdog is enabled
2021-02-19 10:54:32: <info> Never calling reboot.sh (always restarting the miner in case of errors). 
2021-02-19 10:54:32: <info>  Setting up algorithm: RandomX
2021-02-19 10:54:32: <info>  Connecting to pools...
2021-02-19 10:54:32: <info>  Connected to pool: xmr-eu1.nanopool.org:14433 | IP: 51.15.65.182 | ping: 269 ms.
2021-02-19 10:54:32: <info> CPU: Intel(R) Xeon(R) Platinum 8259CL CPU @ 2.50GHz | AVX2: yes | SSSE3: yes | AES: yes
2021-02-19 10:54:32: <info>  New job from xmr-eu1.nanopool.org:14433 | share difficulty = 480 kH
2021-02-19 10:54:32: [Statistics] Monero - Total speed: 0.000 H/s, Total shares: 0 Rejected: 0, Time: 00:00
2021-02-19 10:54:32: <info>  Updating dataset...
2021-02-19 10:54:42: <info>  Updating dataset finished.
2021-02-19 10:54:46: <info>  New job from xmr-eu1.nanopool.org:14433
2021-02-19 10:54:46: [Statistics] Monero - Total speed: 238.129 H/s, Total shares: 0 Rejected: 0, Time: 00:14
2021-02-19 10:54:46: [Statistics] Monero: CPU: 238.129 H/s
2021-02-19 10:54:46: [Statistics] Monero last 10 min - Total: 238.129 H/s.
